<?xml version="1.0" encoding="UTF-8"?>
<robot generator="Robot 3.1.1 (Python 3.7.0 on win32)" generated="20190222 22:18:31.861" rpa="false">
<suite id="s1" name="RobotProject1" source="C:\Users\afees\Desktop\Workspaces\eclipse_2019\RobotProject1">
<suite id="s1-s1" name="Test" source="C:\Users\afees\Desktop\Workspaces\eclipse_2019\RobotProject1\test">
<suite id="s1-s1-s1" name="TestSuite1" source="C:\Users\afees\Desktop\Workspaces\eclipse_2019\RobotProject1\test\TestSuite1.robot">
<kw name="Log" library="BuiltIn" type="setup">
<doc>Logs the given message with the given level.</doc>
<arguments>
<arg>I am inside Test Suite Setup</arg>
</arguments>
<msg timestamp="20190222 22:18:32.074" level="INFO">I am inside Test Suite Setup</msg>
<status status="PASS" starttime="20190222 22:18:32.073" endtime="20190222 22:18:32.074"></status>
</kw>
<test id="s1-s1-s1-t1" name="MyFirstTest">
<kw name="Log" library="BuiltIn" type="setup">
<doc>Logs the given message with the given level.</doc>
<arguments>
<arg>I am inside Test Setup</arg>
</arguments>
<msg timestamp="20190222 22:18:32.075" level="INFO">I am inside Test Setup</msg>
<status status="PASS" starttime="20190222 22:18:32.075" endtime="20190222 22:18:32.075"></status>
</kw>
<kw name="Log" library="BuiltIn">
<doc>Logs the given message with the given level.</doc>
<arguments>
<arg>Hello World!</arg>
</arguments>
<msg timestamp="20190222 22:18:32.075" level="INFO">Hello World!</msg>
<status status="PASS" starttime="20190222 22:18:32.075" endtime="20190222 22:18:32.076"></status>
</kw>
<kw name="Log" library="BuiltIn" type="teardown">
<doc>Logs the given message with the given level.</doc>
<arguments>
<arg>I am inside Test Teardown</arg>
</arguments>
<msg timestamp="20190222 22:18:32.076" level="INFO">I am inside Test Teardown</msg>
<status status="PASS" starttime="20190222 22:18:32.076" endtime="20190222 22:18:32.076"></status>
</kw>
<tags>
<tag>Smoke</tag>
</tags>
<status status="PASS" starttime="20190222 22:18:32.074" endtime="20190222 22:18:32.076" critical="yes"></status>
</test>
<test id="s1-s1-s1-t2" name="MySecondTest">
<kw name="Log" library="BuiltIn" type="setup">
<doc>Logs the given message with the given level.</doc>
<arguments>
<arg>I am inside Test Setup</arg>
</arguments>
<msg timestamp="20190222 22:18:32.078" level="INFO">I am inside Test Setup</msg>
<status status="PASS" starttime="20190222 22:18:32.077" endtime="20190222 22:18:32.078"></status>
</kw>
<kw name="Log" library="BuiltIn">
<doc>Logs the given message with the given level.</doc>
<arguments>
<arg>Am in second test</arg>
</arguments>
<msg timestamp="20190222 22:18:32.078" level="INFO">Am in second test</msg>
<status status="PASS" starttime="20190222 22:18:32.078" endtime="20190222 22:18:32.078"></status>
</kw>
<kw name="Set Tags" library="BuiltIn">
<doc>Adds given ``tags`` for the current test or all tests in a suite.</doc>
<arguments>
<arg>Regression1</arg>
</arguments>
<msg timestamp="20190222 22:18:32.079" level="INFO">Set tag 'Regression1'.</msg>
<status status="PASS" starttime="20190222 22:18:32.079" endtime="20190222 22:18:32.079"></status>
</kw>
<kw name="Remove Tags" library="BuiltIn">
<doc>Removes given ``tags`` from the current test or all tests in a suite.</doc>
<arguments>
<arg>Regression1</arg>
</arguments>
<msg timestamp="20190222 22:18:32.080" level="INFO">Removed tag 'Regression1'.</msg>
<status status="PASS" starttime="20190222 22:18:32.079" endtime="20190222 22:18:32.080"></status>
</kw>
<kw name="Log" library="BuiltIn" type="teardown">
<doc>Logs the given message with the given level.</doc>
<arguments>
<arg>I am inside Test Teardown</arg>
</arguments>
<msg timestamp="20190222 22:18:32.081" level="INFO">I am inside Test Teardown</msg>
<status status="PASS" starttime="20190222 22:18:32.080" endtime="20190222 22:18:32.081"></status>
</kw>
<tags>
<tag>Sanity</tag>
</tags>
<status status="PASS" starttime="20190222 22:18:32.077" endtime="20190222 22:18:32.081" critical="yes"></status>
</test>
<test id="s1-s1-s1-t3" name="MyThirdTest">
<kw name="Log" library="BuiltIn" type="setup">
<doc>Logs the given message with the given level.</doc>
<arguments>
<arg>I am inside Test Setup</arg>
</arguments>
<msg timestamp="20190222 22:18:32.082" level="INFO">I am inside Test Setup</msg>
<status status="PASS" starttime="20190222 22:18:32.082" endtime="20190222 22:18:32.082"></status>
</kw>
<kw name="Log" library="BuiltIn">
<doc>Logs the given message with the given level.</doc>
<arguments>
<arg>Am in third test</arg>
</arguments>
<msg timestamp="20190222 22:18:32.083" level="INFO">Am in third test</msg>
<status status="PASS" starttime="20190222 22:18:32.083" endtime="20190222 22:18:32.083"></status>
</kw>
<kw name="Log" library="BuiltIn" type="teardown">
<doc>Logs the given message with the given level.</doc>
<arguments>
<arg>I am inside Test Teardown</arg>
</arguments>
<msg timestamp="20190222 22:18:32.083" level="INFO">I am inside Test Teardown</msg>
<status status="PASS" starttime="20190222 22:18:32.083" endtime="20190222 22:18:32.084"></status>
</kw>
<tags>
<tag>Sanity</tag>
</tags>
<status status="PASS" starttime="20190222 22:18:32.081" endtime="20190222 22:18:32.084" critical="yes"></status>
</test>
<kw name="Log" library="BuiltIn" type="teardown">
<doc>Logs the given message with the given level.</doc>
<arguments>
<arg>I am inside Test Suite Teardown</arg>
</arguments>
<msg timestamp="20190222 22:18:32.085" level="INFO">I am inside Test Suite Teardown</msg>
<status status="PASS" starttime="20190222 22:18:32.084" endtime="20190222 22:18:32.085"></status>
</kw>
<status status="PASS" starttime="20190222 22:18:31.920" endtime="20190222 22:18:32.085"></status>
</suite>
<status status="PASS" starttime="20190222 22:18:31.917" endtime="20190222 22:18:32.087"></status>
</suite>
<status status="PASS" starttime="20190222 22:18:31.895" endtime="20190222 22:18:32.088"></status>
</suite>
<statistics>
<total>
<stat pass="3" fail="0">Critical Tests</stat>
<stat pass="3" fail="0">All Tests</stat>
</total>
<tag>
<stat pass="2" fail="0">Sanity</stat>
<stat pass="1" fail="0">Smoke</stat>
</tag>
<suite>
<stat pass="3" fail="0" id="s1" name="RobotProject1">RobotProject1</stat>
<stat pass="3" fail="0" id="s1-s1" name="Test">RobotProject1.Test</stat>
<stat pass="3" fail="0" id="s1-s1-s1" name="TestSuite1">RobotProject1.Test.TestSuite1</stat>
</suite>
</statistics>
<errors>
</errors>
</robot>
